2023-08-24 12:58:41 [scrapy.utils.log] INFO: Scrapy 2.9.0 started (bot: scrapybot)
2023-08-24 12:58:41 [scrapy.utils.log] INFO: Versions: lxml 4.9.2.0, libxml2 2.9.4, cssselect 1.2.0, parsel 1.7.0, w3lib 2.1.1, Twisted 22.10.0, Python 3.11.4 (v3.11.4:d2340ef257, Jun  6 2023, 19:15:51) [Clang 13.0.0 (clang-1300.0.29.30)], pyOpenSSL 23.0.0 (OpenSSL 3.0.8 7 Feb 2023), cryptography 39.0.1, Platform macOS-11.4-x86_64-i386-64bit
2023-08-24 12:58:41 [numexpr.utils] INFO: Note: NumExpr detected 16 cores but "NUMEXPR_MAX_THREADS" not set, so enforcing safe limit of 8.
2023-08-24 12:58:41 [numexpr.utils] INFO: NumExpr defaulting to 8 threads.
2023-08-24 12:58:41 [scrapy.crawler] INFO: Overridden settings:
{'AUTOTHROTTLE_ENABLED': 'True',
 'AUTOTHROTTLE_TARGET_CONCURRENCY': '4',
 'LOG_FILE': 'burga.log',
 'ROBOTSTXT_OBEY': 'False',
 'SPIDER_LOADER_WARN_ONLY': True,
 'USER_AGENT': 'advertools/0.13.5'}
2023-08-24 12:58:41 [py.warnings] WARNING: /Users/me/venv311/lib/python3.11/site-packages/scrapy/utils/request.py:232: ScrapyDeprecationWarning: '2.6' is a deprecated value for the 'REQUEST_FINGERPRINTER_IMPLEMENTATION' setting.

It is also the default value. In other words, it is normal to get this warning if you have not defined a value for the 'REQUEST_FINGERPRINTER_IMPLEMENTATION' setting. This is so for backward compatibility reasons, but it will change in a future version of Scrapy.

See the documentation of the 'REQUEST_FINGERPRINTER_IMPLEMENTATION' setting for information on how to handle this deprecation.
  return cls(crawler)

2023-08-24 12:58:41 [scrapy.utils.log] DEBUG: Using reactor: twisted.internet.selectreactor.SelectReactor
2023-08-24 12:58:41 [scrapy.extensions.telnet] INFO: Telnet Password: 1cc46a02df245edf
2023-08-24 12:58:41 [scrapy.middleware] INFO: Enabled extensions:
['scrapy.extensions.corestats.CoreStats',
 'scrapy.extensions.telnet.TelnetConsole',
 'scrapy.extensions.memusage.MemoryUsage',
 'scrapy.extensions.feedexport.FeedExporter',
 'scrapy.extensions.logstats.LogStats',
 'scrapy.extensions.throttle.AutoThrottle']
2023-08-24 12:58:42 [scrapy.middleware] INFO: Enabled downloader middlewares:
['scrapy.downloadermiddlewares.httpauth.HttpAuthMiddleware',
 'scrapy.downloadermiddlewares.downloadtimeout.DownloadTimeoutMiddleware',
 'scrapy.downloadermiddlewares.defaultheaders.DefaultHeadersMiddleware',
 'scrapy.downloadermiddlewares.useragent.UserAgentMiddleware',
 'scrapy.downloadermiddlewares.retry.RetryMiddleware',
 'scrapy.downloadermiddlewares.redirect.MetaRefreshMiddleware',
 'scrapy.downloadermiddlewares.httpcompression.HttpCompressionMiddleware',
 'scrapy.downloadermiddlewares.redirect.RedirectMiddleware',
 'scrapy.downloadermiddlewares.cookies.CookiesMiddleware',
 'scrapy.downloadermiddlewares.httpproxy.HttpProxyMiddleware',
 'scrapy.downloadermiddlewares.stats.DownloaderStats']
2023-08-24 12:58:42 [scrapy.middleware] INFO: Enabled spider middlewares:
['scrapy.spidermiddlewares.httperror.HttpErrorMiddleware',
 'scrapy.spidermiddlewares.offsite.OffsiteMiddleware',
 'scrapy.spidermiddlewares.referer.RefererMiddleware',
 'scrapy.spidermiddlewares.urllength.UrlLengthMiddleware',
 'scrapy.spidermiddlewares.depth.DepthMiddleware']
2023-08-24 12:58:42 [scrapy.middleware] INFO: Enabled item pipelines:
[]
2023-08-24 12:58:42 [scrapy.core.engine] INFO: Spider opened
2023-08-24 12:58:42 [scrapy.extensions.logstats] INFO: Crawled 0 pages (at 0 pages/min), scraped 0 items (at 0 items/min)
2023-08-24 12:58:42 [scrapy.extensions.telnet] INFO: Telnet console listening on 127.0.0.1:6024
2023-08-24 12:58:42 [scrapy.core.engine] DEBUG: Crawled (200) <GET https://www.burga.com/collections/drinkware> (referer: None)
2023-08-24 12:58:43 [scrapy.core.scraper] DEBUG: Scraped from <200 https://www.burga.com/collections/drinkware>
2023-08-24 12:58:47 [scrapy.core.engine] DEBUG: Crawled (200) <GET https://www.burga.com/products/mint-gelato-travel-mug?variant=41417090629807> (referer: https://www.burga.com/collections/drinkware)
2023-08-24 12:58:47 [scrapy.core.scraper] DEBUG: Scraped from <200 https://www.burga.com/products/mint-gelato-travel-mug?variant=41417090629807>
2023-08-24 12:58:47 [scrapy.dupefilters] DEBUG: Filtered duplicate request: <GET https://www.burga.com/products/mint-gelato-travel-mug?variant=41417090629807> - no more duplicates will be shown (see DUPEFILTER_DEBUG to show all duplicates)
2023-08-24 12:58:50 [scrapy.core.engine] DEBUG: Crawled (200) <GET https://www.burga.com/products/black-travel-mug?variant=40532922859695> (referer: https://www.burga.com/collections/drinkware)
2023-08-24 12:58:50 [scrapy.core.scraper] DEBUG: Scraped from <200 https://www.burga.com/products/black-travel-mug?variant=40532922859695>
2023-08-24 12:58:52 [scrapy.core.engine] DEBUG: Crawled (200) <GET https://www.burga.com/products/mint-green-water-bottle?variant=40221249437871> (referer: https://www.burga.com/collections/drinkware)
2023-08-24 12:58:52 [scrapy.core.scraper] DEBUG: Scraped from <200 https://www.burga.com/products/mint-green-water-bottle?variant=40221249437871>
2023-08-24 12:58:53 [scrapy.core.engine] DEBUG: Crawled (200) <GET https://www.burga.com/products/mint-gelato-water-bottle?variant=41416402763951> (referer: https://www.burga.com/collections/drinkware)
2023-08-24 12:58:53 [scrapy.core.scraper] DEBUG: Scraped from <200 https://www.burga.com/products/mint-gelato-water-bottle?variant=41416402763951>
2023-08-24 12:58:54 [scrapy.core.engine] DEBUG: Crawled (200) <GET https://www.burga.com/products/white-pearl-travel-mug?variant=41384050688175> (referer: https://www.burga.com/collections/drinkware)
2023-08-24 12:58:54 [scrapy.core.scraper] DEBUG: Scraped from <200 https://www.burga.com/products/white-pearl-travel-mug?variant=41384050688175>
2023-08-24 12:58:55 [scrapy.core.engine] DEBUG: Crawled (200) <GET https://www.burga.com/products/black-pearl-travel-mug?variant=41384050753711> (referer: https://www.burga.com/collections/drinkware)
2023-08-24 12:58:55 [scrapy.core.scraper] DEBUG: Scraped from <200 https://www.burga.com/products/black-pearl-travel-mug?variant=41384050753711>
2023-08-24 12:58:56 [scrapy.core.engine] DEBUG: Crawled (200) <GET https://www.burga.com/products/brown-travel-mug?variant=40532924203183> (referer: https://www.burga.com/collections/drinkware)
2023-08-24 12:58:56 [scrapy.core.engine] DEBUG: Crawled (200) <GET https://www.burga.com/products/green-travel-mug?variant=40532922990767> (referer: https://www.burga.com/collections/drinkware)
2023-08-24 12:58:56 [scrapy.core.scraper] DEBUG: Scraped from <200 https://www.burga.com/products/brown-travel-mug?variant=40532924203183>
2023-08-24 12:58:56 [scrapy.core.scraper] DEBUG: Scraped from <200 https://www.burga.com/products/green-travel-mug?variant=40532922990767>
2023-08-24 12:58:56 [scrapy.core.engine] DEBUG: Crawled (200) <GET https://www.burga.com/products/mint-green-travel-mug?variant=40532923089071> (referer: https://www.burga.com/collections/drinkware)
2023-08-24 12:58:56 [scrapy.core.scraper] DEBUG: Scraped from <200 https://www.burga.com/products/mint-green-travel-mug?variant=40532923089071>
2023-08-24 12:58:56 [scrapy.core.engine] DEBUG: Crawled (200) <GET https://www.burga.com/products/green-water-bottle?variant=40221249208495> (referer: https://www.burga.com/collections/drinkware)
2023-08-24 12:58:56 [scrapy.core.scraper] DEBUG: Scraped from <200 https://www.burga.com/products/green-water-bottle?variant=40221249208495>
2023-08-24 12:58:57 [scrapy.core.engine] DEBUG: Crawled (200) <GET https://www.burga.com/products/pink-travel-mug?variant=40532923547823> (referer: https://www.burga.com/collections/drinkware)
2023-08-24 12:58:57 [scrapy.core.engine] DEBUG: Crawled (200) <GET https://www.burga.com/products/white-travel-mug?variant=40532922728623> (referer: https://www.burga.com/collections/drinkware)
2023-08-24 12:58:57 [scrapy.core.scraper] DEBUG: Scraped from <200 https://www.burga.com/products/pink-travel-mug?variant=40532923547823>
2023-08-24 12:58:57 [scrapy.core.scraper] DEBUG: Scraped from <200 https://www.burga.com/products/white-travel-mug?variant=40532922728623>
2023-08-24 12:58:57 [scrapy.core.engine] DEBUG: Crawled (200) <GET https://www.burga.com/products/white-water-bottle?variant=40221248880815> (referer: https://www.burga.com/collections/drinkware)
2023-08-24 12:58:58 [scrapy.core.scraper] DEBUG: Scraped from <200 https://www.burga.com/products/white-water-bottle?variant=40221248880815>
2023-08-24 12:58:58 [scrapy.core.engine] DEBUG: Crawled (200) <GET https://www.burga.com/products/pink-water-bottle?variant=40221249896623> (referer: https://www.burga.com/collections/drinkware)
2023-08-24 12:58:58 [scrapy.core.engine] DEBUG: Crawled (200) <GET https://www.burga.com/products/double-pink-travel-mug?variant=41417090334895> (referer: https://www.burga.com/collections/drinkware)
2023-08-24 12:58:58 [scrapy.core.scraper] DEBUG: Scraped from <200 https://www.burga.com/products/pink-water-bottle?variant=40221249896623>
2023-08-24 12:58:58 [scrapy.core.scraper] DEBUG: Scraped from <200 https://www.burga.com/products/double-pink-travel-mug?variant=41417090334895>
2023-08-24 12:58:58 [scrapy.core.engine] DEBUG: Crawled (200) <GET https://www.burga.com/products/black-water-bottle?variant=40221249110191> (referer: https://www.burga.com/collections/drinkware)
2023-08-24 12:58:58 [scrapy.core.scraper] DEBUG: Scraped from <200 https://www.burga.com/products/black-water-bottle?variant=40221249110191>
2023-08-24 12:58:59 [scrapy.core.engine] DEBUG: Crawled (200) <GET https://www.burga.com/products/double-pink-water-bottle?variant=41416402698415> (referer: https://www.burga.com/collections/drinkware)
2023-08-24 12:58:59 [scrapy.core.scraper] DEBUG: Scraped from <200 https://www.burga.com/products/double-pink-water-bottle?variant=41416402698415>
2023-08-24 12:58:59 [scrapy.core.engine] DEBUG: Crawled (200) <GET https://www.burga.com/products/black-marble-travel-mug?variant=40532922630319> (referer: https://www.burga.com/collections/drinkware)
2023-08-24 12:58:59 [scrapy.core.engine] DEBUG: Crawled (200) <GET https://www.burga.com/products/brown-water-bottle?variant=40221250060463> (referer: https://www.burga.com/collections/drinkware)
2023-08-24 12:58:59 [scrapy.core.scraper] DEBUG: Scraped from <200 https://www.burga.com/products/black-marble-travel-mug?variant=40532922630319>
2023-08-24 12:58:59 [scrapy.core.scraper] DEBUG: Scraped from <200 https://www.burga.com/products/brown-water-bottle?variant=40221250060463>
2023-08-24 12:58:59 [scrapy.core.engine] DEBUG: Crawled (200) <GET https://www.burga.com/products/cute-travel-mug?variant=41417090302127> (referer: https://www.burga.com/collections/drinkware)
2023-08-24 12:59:00 [scrapy.core.scraper] DEBUG: Scraped from <200 https://www.burga.com/products/cute-travel-mug?variant=41417090302127>
2023-08-24 12:59:00 [scrapy.core.engine] DEBUG: Crawled (200) <GET https://www.burga.com/products/black-marble-water-bottle?variant=40221248749743> (referer: https://www.burga.com/collections/drinkware)
2023-08-24 12:59:00 [scrapy.core.scraper] DEBUG: Scraped from <200 https://www.burga.com/products/black-marble-water-bottle?variant=40221248749743>
2023-08-24 12:59:00 [scrapy.core.engine] DEBUG: Crawled (200) <GET https://www.burga.com/products/cute-water-bottle?variant=40221250486447> (referer: https://www.burga.com/collections/drinkware)
2023-08-24 12:59:00 [scrapy.core.scraper] DEBUG: Scraped from <200 https://www.burga.com/products/cute-water-bottle?variant=40221250486447>
2023-08-24 12:59:00 [scrapy.core.engine] DEBUG: Crawled (200) <GET https://www.burga.com/collections/travel-mugs> (referer: https://www.burga.com/collections/drinkware)
2023-08-24 12:59:01 [scrapy.core.scraper] DEBUG: Scraped from <200 https://www.burga.com/collections/travel-mugs>
2023-08-24 12:59:01 [scrapy.core.engine] DEBUG: Crawled (200) <GET https://www.burga.com/collections/water-bottles> (referer: https://www.burga.com/collections/drinkware)
2023-08-24 12:59:01 [scrapy.core.scraper] DEBUG: Scraped from <200 https://www.burga.com/collections/water-bottles>
2023-08-24 12:59:01 [scrapy.core.engine] DEBUG: Crawled (200) <GET https://www.burga.com/products/brown-travel-mug> (referer: https://www.burga.com/collections/travel-mugs)
2023-08-24 12:59:02 [scrapy.core.scraper] DEBUG: Scraped from <200 https://www.burga.com/products/brown-travel-mug>
2023-08-24 12:59:02 [scrapy.core.engine] DEBUG: Crawled (200) <GET https://www.burga.com/products/pink-travel-mug> (referer: https://www.burga.com/collections/travel-mugs)
2023-08-24 12:59:02 [scrapy.core.engine] DEBUG: Crawled (200) <GET https://www.burga.com/products/mint-green-travel-mug> (referer: https://www.burga.com/collections/travel-mugs)
2023-08-24 12:59:02 [scrapy.core.scraper] DEBUG: Scraped from <200 https://www.burga.com/products/pink-travel-mug>
2023-08-24 12:59:02 [scrapy.core.scraper] DEBUG: Scraped from <200 https://www.burga.com/products/mint-green-travel-mug>
2023-08-24 12:59:02 [scrapy.core.engine] DEBUG: Crawled (200) <GET https://www.burga.com/products/green-travel-mug> (referer: https://www.burga.com/collections/travel-mugs)
2023-08-24 12:59:02 [scrapy.core.scraper] DEBUG: Scraped from <200 https://www.burga.com/products/green-travel-mug>
2023-08-24 12:59:02 [scrapy.core.engine] DEBUG: Crawled (200) <GET https://www.burga.com/products/black-travel-mug> (referer: https://www.burga.com/collections/travel-mugs)
2023-08-24 12:59:03 [scrapy.core.scraper] DEBUG: Scraped from <200 https://www.burga.com/products/black-travel-mug>
2023-08-24 12:59:03 [scrapy.core.engine] DEBUG: Crawled (200) <GET https://www.burga.com/products/white-travel-mug> (referer: https://www.burga.com/collections/travel-mugs)
2023-08-24 12:59:03 [scrapy.core.scraper] DEBUG: Scraped from <200 https://www.burga.com/products/white-travel-mug>
2023-08-24 12:59:03 [scrapy.core.engine] DEBUG: Crawled (200) <GET https://www.burga.com/products/black-marble-travel-mug> (referer: https://www.burga.com/collections/travel-mugs)
2023-08-24 12:59:03 [scrapy.core.scraper] DEBUG: Scraped from <200 https://www.burga.com/products/black-marble-travel-mug>
2023-08-24 12:59:03 [scrapy.core.engine] DEBUG: Crawled (200) <GET https://www.burga.com/products/white-pearl-travel-mug> (referer: https://www.burga.com/collections/travel-mugs)
2023-08-24 12:59:03 [scrapy.core.scraper] DEBUG: Scraped from <200 https://www.burga.com/products/white-pearl-travel-mug>
2023-08-24 12:59:03 [scrapy.core.engine] DEBUG: Crawled (200) <GET https://www.burga.com/products/black-pearl-travel-mug> (referer: https://www.burga.com/collections/travel-mugs)
2023-08-24 12:59:04 [scrapy.core.scraper] DEBUG: Scraped from <200 https://www.burga.com/products/black-pearl-travel-mug>
2023-08-24 12:59:04 [scrapy.core.engine] DEBUG: Crawled (200) <GET https://www.burga.com/products/double-pink-travel-mug> (referer: https://www.burga.com/collections/travel-mugs)
2023-08-24 12:59:04 [scrapy.core.scraper] DEBUG: Scraped from <200 https://www.burga.com/products/double-pink-travel-mug>
2023-08-24 12:59:04 [scrapy.core.engine] DEBUG: Crawled (200) <GET https://www.burga.com/products/green-water-bottle> (referer: https://www.burga.com/collections/water-bottles)
2023-08-24 12:59:04 [scrapy.core.engine] DEBUG: Crawled (200) <GET https://www.burga.com/products/mint-gelato-travel-mug> (referer: https://www.burga.com/collections/travel-mugs)
2023-08-24 12:59:04 [scrapy.core.engine] DEBUG: Crawled (200) <GET https://www.burga.com/products/cute-travel-mug> (referer: https://www.burga.com/collections/travel-mugs)
2023-08-24 12:59:04 [scrapy.core.scraper] DEBUG: Scraped from <200 https://www.burga.com/products/green-water-bottle>
2023-08-24 12:59:04 [scrapy.core.scraper] DEBUG: Scraped from <200 https://www.burga.com/products/mint-gelato-travel-mug>
2023-08-24 12:59:04 [scrapy.core.scraper] DEBUG: Scraped from <200 https://www.burga.com/products/cute-travel-mug>
2023-08-24 12:59:04 [scrapy.core.engine] DEBUG: Crawled (200) <GET https://www.burga.com/products/black-water-bottle> (referer: https://www.burga.com/collections/water-bottles)
2023-08-24 12:59:05 [scrapy.core.scraper] DEBUG: Scraped from <200 https://www.burga.com/products/black-water-bottle>
2023-08-24 12:59:05 [scrapy.core.engine] DEBUG: Crawled (200) <GET https://www.burga.com/products/mint-green-water-bottle> (referer: https://www.burga.com/collections/water-bottles)
2023-08-24 12:59:05 [scrapy.core.scraper] DEBUG: Scraped from <200 https://www.burga.com/products/mint-green-water-bottle>
2023-08-24 12:59:05 [scrapy.core.engine] DEBUG: Crawled (200) <GET https://www.burga.com/products/brown-water-bottle> (referer: https://www.burga.com/collections/water-bottles)
2023-08-24 12:59:05 [scrapy.core.scraper] DEBUG: Scraped from <200 https://www.burga.com/products/brown-water-bottle>
2023-08-24 12:59:05 [scrapy.core.engine] DEBUG: Crawled (200) <GET https://www.burga.com/products/white-water-bottle> (referer: https://www.burga.com/collections/water-bottles)
2023-08-24 12:59:05 [scrapy.core.scraper] DEBUG: Scraped from <200 https://www.burga.com/products/white-water-bottle>
2023-08-24 12:59:05 [scrapy.core.engine] DEBUG: Crawled (200) <GET https://www.burga.com/products/pink-water-bottle> (referer: https://www.burga.com/collections/water-bottles)
2023-08-24 12:59:05 [scrapy.core.engine] DEBUG: Crawled (200) <GET https://www.burga.com/products/black-marble-water-bottle> (referer: https://www.burga.com/collections/water-bottles)
2023-08-24 12:59:06 [scrapy.core.scraper] DEBUG: Scraped from <200 https://www.burga.com/products/pink-water-bottle>
2023-08-24 12:59:06 [scrapy.core.scraper] DEBUG: Scraped from <200 https://www.burga.com/products/black-marble-water-bottle>
2023-08-24 12:59:06 [scrapy.core.engine] DEBUG: Crawled (200) <GET https://www.burga.com/products/double-pink-water-bottle> (referer: https://www.burga.com/collections/water-bottles)
2023-08-24 12:59:06 [scrapy.core.engine] DEBUG: Crawled (200) <GET https://www.burga.com/products/mint-gelato-water-bottle> (referer: https://www.burga.com/collections/water-bottles)
2023-08-24 12:59:06 [scrapy.core.scraper] DEBUG: Scraped from <200 https://www.burga.com/products/double-pink-water-bottle>
2023-08-24 12:59:06 [scrapy.core.scraper] DEBUG: Scraped from <200 https://www.burga.com/products/mint-gelato-water-bottle>
2023-08-24 12:59:06 [scrapy.core.engine] DEBUG: Crawled (200) <GET https://www.burga.com/products/cute-water-bottle> (referer: https://www.burga.com/collections/water-bottles)
2023-08-24 12:59:06 [scrapy.core.scraper] DEBUG: Scraped from <200 https://www.burga.com/products/cute-water-bottle>
2023-08-24 12:59:06 [scrapy.core.engine] INFO: Closing spider (finished)
2023-08-24 12:59:06 [scrapy.extensions.feedexport] INFO: Stored jl feed (47 items) in: burga.jl
2023-08-24 12:59:06 [scrapy.statscollectors] INFO: Dumping Scrapy stats:
{'downloader/request_bytes': 38289,
 'downloader/request_count': 47,
 'downloader/request_method_count/GET': 47,
 'downloader/response_bytes': 9689666,
 'downloader/response_count': 47,
 'downloader/response_status_count/200': 47,
 'dupefilter/filtered': 184,
 'elapsed_time_seconds': 24.861941,
 'feedexport/success_count/FileFeedStorage': 1,
 'finish_reason': 'finished',
 'finish_time': datetime.datetime(2023, 8, 24, 9, 59, 6, 928267),
 'httpcompression/response_bytes': 50976447,
 'httpcompression/response_count': 47,
 'item_scraped_count': 47,
 'log_count/DEBUG': 96,
 'log_count/INFO': 11,
 'log_count/WARNING': 1,
 'memusage/max': 135245824,
 'memusage/startup': 135241728,
 'request_depth_max': 3,
 'response_received_count': 47,
 'scheduler/dequeued': 47,
 'scheduler/dequeued/memory': 47,
 'scheduler/enqueued': 47,
 'scheduler/enqueued/memory': 47,
 'start_time': datetime.datetime(2023, 8, 24, 9, 58, 42, 66326)}
2023-08-24 12:59:06 [scrapy.core.engine] INFO: Spider closed (finished)
